{
  "RSpec": {
    "coverage": {
      "/Users/user/Documents/MA/week_9/my-reddit/config/environment.rb": [
        null,
        1,
        null,
        null,
        1
      ],
      "/Users/user/Documents/MA/week_9/my-reddit/config/application.rb": [
        1,
        null,
        null,
        1,
        1,
        1,
        1,
        1,
        1,
        null,
        null,
        null,
        null,
        1,
        null,
        1,
        1,
        null,
        null,
        null,
        null,
        null,
        null,
        null,
        null,
        null,
        null,
        null,
        null,
        null
      ],
      "/Users/user/Documents/MA/week_9/my-reddit/config/boot.rb": [
        null,
        1,
        null,
        1
      ],
      "/Users/user/Documents/MA/week_9/my-reddit/config/environments/test.rb": [
        1,
        null,
        null,
        null,
        null,
        null,
        null,
        1,
        null,
        null,
        null,
        null,
        1,
        null,
        null,
        1,
        1,
        null,
        null,
        1,
        1,
        null,
        null,
        1,
        null,
        null,
        1,
        null,
        null,
        null,
        null,
        1,
        null,
        null,
        1,
        null,
        null,
        null,
        null
      ],
      "/Users/user/Documents/MA/week_9/my-reddit/config/initializers/assets.rb": [
        null,
        null,
        null,
        1,
        null,
        null,
        null,
        null
      ],
      "/Users/user/Documents/MA/week_9/my-reddit/config/initializers/backtrace_silencers.rb": [
        null,
        null,
        null,
        null,
        null,
        null,
        null
      ],
      "/Users/user/Documents/MA/week_9/my-reddit/config/initializers/cookies_serializer.rb": [
        null,
        null,
        1
      ],
      "/Users/user/Documents/MA/week_9/my-reddit/config/initializers/devise.rb": [
        null,
        null,
        1,
        null,
        null,
        null,
        null,
        1,
        null,
        null,
        null,
        null,
        1,
        null,
        null,
        null,
        null,
        null,
        null,
        null,
        null,
        1,
        null,
        null,
        null,
        null,
        null,
        null,
        null,
        null,
        null,
        null,
        null,
        null,
        null,
        null,
        null,
        null,
        null,
        null,
        null,
        null,
        null,
        1,
        null,
        null,
        null,
        null,
        1,
        null,
        null,
        null,
        null,
        null,
        null,
        null,
        null,
        null,
        null,
        null,
        null,
        null,
        null,
        null,
        null,
        null,
        null,
        null,
        null,
        null,
        null,
        null,
        null,
        null,
        null,
        null,
        null,
        null,
        null,
        1,
        null,
        null,
        null,
        null,
        null,
        null,
        null,
        null,
        null,
        null,
        null,
        null,
        null,
        null,
        null,
        null,
        1,
        null,
        null,
        null,
        null,
        null,
        null,
        null,
        null,
        null,
        null,
        null,
        null,
        null,
        null,
        null,
        null,
        null,
        null,
        null,
        null,
        null,
        null,
        null,
        null,
        1,
        null,
        null,
        null,
        null,
        null,
        null,
        null,
        null,
        null,
        null,
        null,
        null,
        null,
        null,
        null,
        null,
        null,
        1,
        null,
        null,
        null,
        null,
        null,
        null,
        null,
        null,
        null,
        null,
        null,
        null,
        null,
        null,
        null,
        null,
        null,
        null,
        null,
        null,
        null,
        null,
        null,
        null,
        null,
        null,
        null,
        null,
        null,
        null,
        null,
        null,
        null,
        null,
        null,
        null,
        null,
        null,
        null,
        null,
        null,
        null,
        null,
        null,
        null,
        null,
        null,
        null,
        1,
        null,
        null,
        null,
        null,
        null,
        null,
        null,
        null,
        null,
        null,
        null,
        null,
        null,
        null,
        null,
        null,
        null,
        null,
        null,
        null,
        null,
        null,
        null,
        null,
        null,
        null,
        null,
        null,
        null,
        null,
        null,
        null,
        null,
        null,
        null,
        null,
        null,
        1,
        null,
        null,
        null,
        null,
        null,
        null,
        null,
        null,
        null,
        null,
        null,
        null,
        null,
        null,
        null,
        null,
        null,
        null,
        null,
        null,
        null,
        null,
        null,
        null,
        null,
        null,
        null,
        null,
        null
      ],
      "/Users/user/Documents/MA/week_9/my-reddit/config/initializers/filter_parameter_logging.rb": [
        null,
        null,
        null,
        1
      ],
      "/Users/user/Documents/MA/week_9/my-reddit/config/initializers/inflections.rb": [
        null,
        null,
        null,
        null,
        null,
        null,
        null,
        null,
        null,
        null,
        null,
        null,
        null,
        null,
        null,
        null
      ],
      "/Users/user/Documents/MA/week_9/my-reddit/config/initializers/mime_types.rb": [
        null,
        null,
        null,
        null
      ],
      "/Users/user/Documents/MA/week_9/my-reddit/config/initializers/session_store.rb": [
        null,
        null,
        1
      ],
      "/Users/user/Documents/MA/week_9/my-reddit/config/initializers/social_share_button.rb": [
        1,
        1,
        null
      ],
      "/Users/user/Documents/MA/week_9/my-reddit/config/initializers/wrap_parameters.rb": [
        null,
        null,
        null,
        null,
        null,
        null,
        1,
        1,
        null,
        null,
        null,
        null,
        null,
        null
      ],
      "/Users/user/Documents/MA/week_9/my-reddit/config/routes.rb": [
        1,
        null,
        1,
        null,
        1,
        1,
        1,
        1,
        null,
        null,
        1,
        1,
        null,
        null,
        1,
        1,
        null,
        null,
        null,
        null,
        null,
        null,
        1,
        null,
        null,
        null,
        null,
        null,
        null,
        null,
        null,
        null,
        null,
        null,
        null,
        null,
        null,
        null,
        null,
        null,
        null,
        null,
        null,
        null,
        null,
        null,
        null,
        null,
        null,
        null,
        null,
        null,
        null,
        null,
        null,
        null,
        null,
        null,
        null,
        null,
        null,
        null,
        null,
        null,
        null,
        null,
        null,
        null,
        null,
        null,
        null,
        null,
        null
      ],
      "/Users/user/Documents/MA/week_9/my-reddit/app/models/user.rb": [
        1,
        null,
        null,
        1,
        null,
        1,
        null,
        1,
        null,
        1,
        null,
        null,
        null,
        null,
        null,
        1,
        null,
        null,
        1,
        1,
        1,
        1,
        null,
        0,
        null,
        null,
        null,
        null
      ],
      "/Users/user/Documents/MA/week_9/my-reddit/app/helpers/application_helper.rb": [
        1,
        null
      ],
      "/Users/user/Documents/MA/week_9/my-reddit/app/helpers/categories_helper.rb": [
        1,
        null
      ],
      "/Users/user/Documents/MA/week_9/my-reddit/app/helpers/comments_helper.rb": [
        1,
        null
      ],
      "/Users/user/Documents/MA/week_9/my-reddit/app/helpers/like_comments_helper.rb": [
        1,
        null
      ],
      "/Users/user/Documents/MA/week_9/my-reddit/app/helpers/likes_helper.rb": [
        1,
        null
      ],
      "/Users/user/Documents/MA/week_9/my-reddit/app/helpers/posts_helper.rb": [
        1,
        null
      ],
      "/Users/user/Documents/MA/week_9/my-reddit/app/helpers/welcome_helper.rb": [
        1,
        null
      ],
      "/Users/user/Documents/MA/week_9/my-reddit/app/controllers/categories_controller.rb": [
        1,
        null,
        1,
        1,
        1,
        1,
        1,
        1,
        null,
        null,
        null
      ],
      "/Users/user/Documents/MA/week_9/my-reddit/app/controllers/application_controller.rb": [
        1,
        null,
        null,
        1,
        null,
        1,
        null,
        1,
        null,
        1,
        5,
        5,
        4,
        null,
        null,
        null
      ],
      "/Users/user/Documents/MA/week_9/my-reddit/app/controllers/comments_controller.rb": [
        1,
        null,
        1,
        null,
        1,
        11,
        11,
        null,
        null,
        1,
        0,
        0,
        null,
        null,
        1,
        4,
        4,
        4,
        null,
        null,
        null
      ],
      "/Users/user/Documents/MA/week_9/my-reddit/app/controllers/like_comments_controller.rb": [
        1,
        null,
        1,
        null,
        1,
        2,
        2,
        0,
        0,
        null,
        2,
        2,
        null,
        null,
        null,
        1,
        1,
        1,
        1,
        1,
        null,
        0,
        0,
        null,
        null,
        null,
        1,
        2,
        null,
        null,
        null
      ],
      "/Users/user/Documents/MA/week_9/my-reddit/app/controllers/likes_controller.rb": [
        1,
        null,
        1,
        null,
        1,
        3,
        3,
        0,
        null,
        3,
        null,
        3,
        null,
        null,
        1,
        1,
        1,
        0,
        null,
        1,
        null,
        1,
        null,
        null,
        1,
        3,
        null,
        null
      ],
      "/Users/user/Documents/MA/week_9/my-reddit/app/controllers/welcome_controller.rb": [
        1,
        1,
        3,
        null,
        null
      ],
      "/Users/user/Documents/MA/week_9/my-reddit/app/models/comment.rb": [
        1,
        1,
        1,
        1,
        1,
        null,
        1,
        8,
        null,
        null,
        null
      ],
      "/Users/user/Documents/MA/week_9/my-reddit/app/models/post.rb": [
        1,
        null,
        1,
        1,
        1,
        1,
        1,
        null,
        1,
        1,
        null,
        1,
        46,
        null,
        null,
        1,
        null,
        null,
        1,
        19,
        30,
        null,
        null,
        1,
        30,
        null,
        null,
        1,
        15,
        null,
        null,
        1,
        8,
        null,
        null,
        1,
        9,
        null,
        null,
        1,
        20,
        null,
        null,
        1,
        15,
        null,
        null,
        1,
        20,
        null,
        null,
        1,
        3,
        9,
        null,
        null,
        null
      ],
      "/Users/user/Documents/MA/week_9/my-reddit/app/models/category.rb": [
        1,
        1,
        null
      ],
      "/Users/user/Documents/MA/week_9/my-reddit/app/controllers/posts_controller.rb": [
        1,
        null,
        1,
        null,
        1,
        47,
        47,
        47,
        2,
        null,
        45,
        null,
        null,
        null,
        1,
        8,
        null,
        null,
        1,
        8,
        8,
        null,
        null,
        1,
        1,
        null,
        null,
        1,
        1,
        1,
        1,
        null,
        null,
        1,
        1,
        1,
        1,
        null,
        null,
        1,
        5,
        5,
        5,
        5,
        5,
        null,
        null,
        null
      ],
      "/Users/user/Documents/MA/week_9/my-reddit/app/models/like.rb": [
        1,
        null,
        1,
        null,
        1,
        null,
        null
      ],
      "/Users/user/Documents/MA/week_9/my-reddit/app/models/dislike.rb": [
        1,
        null,
        1,
        null,
        1,
        null,
        null
      ]
    },
    "timestamp": 1409428664
  }
}
